<?xml version="1.0" encoding="UTF-8"?>
<!-- Generated by org.testng.reporters.JUnitXMLReporter -->
<testsuite ignored="0" hostname="DESKTOP-FLBM77S" failures="1" tests="1" name="Test" time="8.078" errors="0" timestamp="2025-03-08T12:24:29 IST">
  <testcase classname="testNGListeners.ValidLogin" name="ValidLoginTC" time="1.879">
    <failure type="java.lang.NullPointerException" message="Cannot invoke &amp;quot;org.apache.poi.ss.usermodel.Cell.getStringCellValue()&amp;quot; because &amp;quot;cell&amp;quot; is null">
      <![CDATA[java.lang.NullPointerException: Cannot invoke "org.apache.poi.ss.usermodel.Cell.getStringCellValue()" because "cell" is null
at testNGListeners.Flib.readExcelData(Flib.java:22)
at testNGListeners.ValidLogin.ValidLoginTC(ValidLogin.java:21)
at java.base/java.util.ArrayList.forEach(ArrayList.java:1597)
... Removed 25 stack frames]]>
    </failure>
  </testcase> <!-- ValidLoginTC -->
</testsuite> <!-- Test -->
