<?xml version="1.0" encoding="UTF-8"?>
<testng-results ignored="0" total="1" passed="1" failed="0" skipped="0">
  <reporter-output>
  </reporter-output>
  <suite started-at="2025-03-20T11:42:00 IST" name="Default suite" finished-at="2025-03-20T11:42:24 IST" duration-ms="24030">
    <groups>
    </groups>
    <test started-at="2025-03-20T11:42:00 IST" name="Default test" finished-at="2025-03-20T11:42:24 IST" duration-ms="24030">
      <class name="testPackage.TC_BuyProductFromCart_003_Test">
        <test-method is-config="true" signature="browserSetUp()[pri:0, instance:testPackage.TC_BuyProductFromCart_003_Test@3270d194]" started-at="2025-03-20T11:42:00 IST" name="browserSetUp" finished-at="2025-03-20T11:42:07 IST" duration-ms="6235" status="PASS">
          <reporter-output>
          </reporter-output>
        </test-method> <!-- browserSetUp -->
        <test-method is-config="true" signature="validLogin()[pri:0, instance:testPackage.TC_BuyProductFromCart_003_Test@3270d194]" started-at="2025-03-20T11:42:07 IST" name="validLogin" finished-at="2025-03-20T11:42:10 IST" duration-ms="3456" status="PASS">
          <reporter-output>
          </reporter-output>
        </test-method> <!-- validLogin -->
        <test-method signature="buyProduct()[pri:0, instance:testPackage.TC_BuyProductFromCart_003_Test@3270d194]" started-at="2025-03-20T11:42:10 IST" name="buyProduct" finished-at="2025-03-20T11:42:23 IST" duration-ms="12660" status="PASS">
          <reporter-output>
          </reporter-output>
        </test-method> <!-- buyProduct -->
        <test-method is-config="true" signature="logOut()[pri:0, instance:testPackage.TC_BuyProductFromCart_003_Test@3270d194]" started-at="2025-03-20T11:42:23 IST" name="logOut" finished-at="2025-03-20T11:42:24 IST" duration-ms="1250" status="PASS">
          <reporter-output>
          </reporter-output>
        </test-method> <!-- logOut -->
        <test-method is-config="true" signature="browserTearDown()[pri:0, instance:testPackage.TC_BuyProductFromCart_003_Test@3270d194]" started-at="2025-03-20T11:42:24 IST" name="browserTearDown" finished-at="2025-03-20T11:42:24 IST" duration-ms="377" status="PASS">
          <reporter-output>
          </reporter-output>
        </test-method> <!-- browserTearDown -->
      </class> <!-- testPackage.TC_BuyProductFromCart_003_Test -->
    </test> <!-- Default test -->
  </suite> <!-- Default suite -->
</testng-results>
